
Showing logs for build [32mcb-kubecd-environment-pr-179-5-j4z7b-1[0m stage [32mfrom-build-pack[0m and container [32mstep-credential-initializer-nvlhp[0m
{"level":"warn","ts":1583901752.2867494,"logger":"fallback-logger","caller":"logging/config.go:69","msg":"Fetch GitHub commit ID from kodata failed: \"ref: refs/heads/0.8.0-**-support-backwards-incompats\" is not a valid GitHub commit ID"}
{"level":"info","ts":1583901752.287601,"logger":"fallback-logger","caller":"creds-init/main.go:40","msg":"Credentials initialized."}

Showing logs for build [32mcb-kubecd-environment-pr-179-5-j4z7b-1[0m stage [32mfrom-build-pack[0m and container [32mstep-working-dir-initializer-snt5l[0m
{"level":"warn","ts":1583901753.2435951,"logger":"fallback-logger","caller":"logging/config.go:69","msg":"Fetch GitHub commit ID from kodata failed: open /var/run/ko/HEAD: no such file or directory"}
{"level":"info","ts":1583901753.2452285,"logger":"fallback-logger","caller":"bash/main.go:64","msg":"Successfully executed command \"sh -c mkdir -p /workspace/source\"; output "}

Showing logs for build [32mcb-kubecd-environment-pr-179-5-j4z7b-1[0m stage [32mfrom-build-pack[0m and container [32mstep-place-tools[0m

Showing logs for build [32mcb-kubecd-environment-pr-179-5-j4z7b-1[0m stage [32mfrom-build-pack[0m and container [32mstep-git-source-cb-kubecd-environment-pr-179-5-j4z7b-2s2tq[0m
{"level":"warn","ts":1583901757.300908,"logger":"fallback-logger","caller":"logging/config.go:69","msg":"Fetch GitHub commit ID from kodata failed: \"ref: refs/heads/0.8.0-**-support-backwards-incompats\" is not a valid GitHub commit ID"}
{"level":"info","ts":1583901758.339981,"logger":"fallback-logger","caller":"git/git.go:103","msg":"Successfully cloned https://github.com/cb-kubecd/environment-pr-179-5-boot-gke-staging.git @ master in path /workspace/source"}

Showing logs for build [32mcb-kubecd-environment-pr-179-5-j4z7b-1[0m stage [32mfrom-build-pack[0m and container [32mstep-git-merge[0m
Using SHAs from PULL_REFS=master:0ce15a96d480d166047d03f5046c2bae205bdaa3,1:ef48b2fbdf134dca0d1c8e5cc0af251555d8be37
DEBUG: LC_ALL=C JX_LOG_LEVEL=error git fetch origin --unshallow ef48b2fbdf134dca0d1c8e5cc0af251555d8be37: 0ce15a96d480d166047d03f5046c2bae205bdaa3:
DEBUG: ran git fetch --unshallow origin ef48b2fbdf134dca0d1c8e5cc0af251555d8be37: 0ce15a96d480d166047d03f5046c2bae205bdaa3: in 
DEBUG: LC_ALL=C JX_LOG_LEVEL=error git branch
DEBUG: LC_ALL=C JX_LOG_LEVEL=error git checkout master
DEBUG: ran git checkout master in 
DEBUG: LC_ALL=C JX_LOG_LEVEL=error git reset --hard 0ce15a96d480d166047d03f5046c2bae205bdaa3
DEBUG: ran git reset --hard 0ce15a96d480d166047d03f5046c2bae205bdaa3 in 
DEBUG: LC_ALL=C JX_LOG_LEVEL=error git clean -fd .
DEBUG: ran clean --force -d . in 
DEBUG: LC_ALL=C JX_LOG_LEVEL=error git merge ef48b2fbdf134dca0d1c8e5cc0af251555d8be37
DEBUG: ran git merge ef48b2fbdf134dca0d1c8e5cc0af251555d8be37 in 
DEBUG: JX_LOG_LEVEL=error LC_ALL=C git log --format=%H%x1f%an%x1f%ae%x1f%cn%x1f%ce%x1f%s%n%b%x1e 0ce15a96d480d166047d03f5046c2bae205bdaa3..HEAD
Merged SHA ef48b2fbdf134dca0d1c8e5cc0af251555d8be37 with commit message 'chore: Promote bdd-spring-1583901476 to version 0.0.1' into base branch master

Showing logs for build [32mcb-kubecd-environment-pr-179-5-j4z7b-1[0m stage [32mfrom-build-pack[0m and container [32mstep-build-helm-build[0m
WARNING: No $CHART_REPOSITORY defined so using the default value of: http://jenkins-x-chartmuseum:8080
Adding missing Helm repo: storage.googleapis.com https://storage.googleapis.com/chartmuseum.jenkins-x.io
WARNING: No secrets found on "helm/repos" due: reading the secret "helm/repos" from vault: no secret "helm/repos" not found in vault
Read credentials for https://storage.googleapis.com/chartmuseum.jenkins-x.io from vault helm/repos
Successfully added Helm repository storage.googleapis.com.
Adding missing Helm repo: jenkins-x-chartmuseum http://jenkins-x-chartmuseum:8080
WARNING: No secrets found on "helm/repos" due: reading the secret "helm/repos" from vault: no secret "helm/repos" not found in vault
Read credentials for http://jenkins-x-chartmuseum:8080 from vault helm/repos
Successfully added Helm repository jenkins-x-chartmuseum.
WARNING: No $CHART_REPOSITORY defined so using the default value of: http://jenkins-x-chartmuseum:8080
Adding missing Helm repo: chartmuseum.jenkins-x.io http://chartmuseum.jenkins-x.io
WARNING: No secrets found on "helm/repos" due: reading the secret "helm/repos" from vault: no secret "helm/repos" not found in vault
Read credentials for http://chartmuseum.jenkins-x.io from vault helm/repos
Successfully added Helm repository chartmuseum.jenkins-x.io.
